----------------------------start detecting ------------------------------
0 222.20635986328125
1 207.35153198242188
2 237.2547149658203
3 244.4180908203125
4 215.04388427734375
5 240.46543884277344
6 198.3697509765625
7 215.99679565429688
8 228.01345825195312
9 175.07681274414062
[0.14006159 0.530063   0.8189165  1.14206762 0.18304892 0.96375729
 0.93524523 0.14006159 0.40202891 1.98602622]
0.5210092399803301
model0
No Attack!
0 280.35443115234375
1 158.63632202148438
2 329.7249755859375
3 325.6919250488281
4 181.94970703125
5 298.8401794433594
6 318.489990234375
7 291.911865234375
8 178.62371826171875
9 161.46636962890625
[0.09375002 2.06842279 0.7072045  0.641775   1.69020211 0.20615033
 0.52493565 0.09375002 1.74416071 2.02251   ]
0.6699414737322528
model1
No Attack!

0 183.55418395996094
1 234.94456481933594
2 112.60722351074219
3 226.9663848876953
4 278.1580810546875
5 355.2847900390625
6 137.96861267089844
7 277.76715087890625
8 185.56919860839844
9 158.86495971679688
[0.26481987 0.33434491 1.09199646 0.24132664 0.83817494 1.73740174
 0.79630589 0.83361706 0.24132664 0.55267361]
0.02882460593883107
model2
There is attack with target class 5


0 203.3879852294922
1 214.23622131347656
2 244.65371704101562
3 259.85711669921875
4 260.0684814453125
5 285.6130065917969
6 243.16250610351562
7 275.2093505859375
8 279.602294921875
9 218.6622314453125
[1.31053876 1.01960811 0.20386425 0.20386425 0.20953268 0.89459202
 0.24385591 0.61558422 0.73339528 0.90091028]
0.4468935630571068
model3
No Attack!
0 280.9434509277344
1 247.30043029785156
2 298.3369140625
3 203.47996520996094
4 229.6616668701172
5 218.53211975097656
6 192.35867309570312
7 246.9111328125
8 236.59844970703125
9 214.26101684570312
[1.92725147 0.57117617 2.62834327 1.19512928 0.13980314 0.58841042
 1.64340382 0.55548445 0.13980314 0.76056908]
0.1638384053237839
model4
No Attack!
0 188.80328369140625
1 267.9180603027344
2 305.9676208496094
3 337.03509521484375
4 252.06704711914062
5 475.668701171875
6 262.4671630859375
7 251.3014373779297
8 284.6933288574219
9 187.4174041748047
[1.70960424 0.06099594 0.91255062 1.6078452  0.29375204 4.71048542
 0.06099594 0.3108865  0.43642888 1.74062043]
6.581933443772225e-05
model5
There is attack with target class 5
0 167.35568237304688
1 210.43463134765625
2 251.5634307861328
3 283.77825927734375
4 186.41842651367188
5 261.9713439941406
6 155.45167541503906
7 206.69683837890625
8 239.31375122070312
9 188.3672332763672
[0.77255431 0.03503572 0.8060668  1.40998995 0.41518992 1.00118129
 0.99571568 0.03503572 0.57642519 0.37865614]
0.1955314864332086
model6
No Attack!
0 173.30433654785156
1 217.05581665039062
2 251.12156677246094
3 224.5692138671875
4 160.6560821533203
5 286.6416015625
6 288.7394104003906
7 231.2577362060547
8 249.33221435546875
9 318.4407958984375
[1.29867039 0.45051081 0.20988266 0.30485723 1.54386754 0.89846869
 0.93913649 0.17519455 0.17519455 1.51492306]
0.20603970932069804
model7
No Attack!
0 146.3392791748047
1 254.16160583496094
2 276.88958740234375
3 295.3321533203125
4 216.58383178710938
5 260.9115905761719
6 219.32733154296875
7 223.68325805664062
8 300.6319885253906
9 219.11827087402344
[2.81748454 0.46375756 1.15541403 1.71665701 0.67980684 0.66917266
 0.59631683 0.46375756 1.87794125 0.60267895]
0.46634027814665757
model8
No Attack!
0 206.37306213378906
1 199.2611541748047
2 313.47235107421875
3 349.5666809082031
4 188.6249237060547
5 290.2381896972656
6 236.47018432617188
7 217.37820434570312
8 252.1736297607422
9 166.91932678222656
[0.42028631 0.56573024 1.76997573 2.50813227 0.78324926 1.29481943
 0.19522277 0.19522277 0.51637019 1.22714525]
0.26111665166724596
model9
No Attack!
